<?xml version="1.0" encoding="UTF-8"?>
<testng-results skipped="0" failed="0" total="2" passed="2">
  <reporter-output>
  </reporter-output>
  <suite name="ParallelTests" duration-ms="9495" started-at="2014-02-13T15:55:34Z" finished-at="2014-02-13T15:55:43Z">
    <groups>
    </groups>
    <test name="Windows+Firefox Test" duration-ms="7468" started-at="2014-02-13T15:55:34Z" finished-at="2014-02-13T15:55:41Z">
      <class name="grid.SeGridTest">
        <test-method status="PASS" signature="setup(java.lang.String, java.lang.String, java.lang.String, java.lang.String)[pri:0, instance:grid.SeGridTest@135f92f]" name="setup" is-config="true" duration-ms="6642" started-at="2014-02-13T21:25:34Z" finished-at="2014-02-13T21:25:40Z">
          <params>
            <param index="0">
              <value>
                <![CDATA[Windows]]>
              </value>
            </param>
            <param index="1">
              <value>
                <![CDATA[Firefox]]>
              </value>
            </param>
            <param index="2">
              <value>
                <![CDATA[8]]>
              </value>
            </param>
            <param index="3">
              <value>
                <![CDATA[http://dl.dropbox.com/u/55228056/bmicalculator.html]]>
              </value>
            </param>
          </params>
          <reporter-output>
          </reporter-output>
        </test-method> <!-- setup -->
        <test-method status="PASS" signature="testBmiCalculator()[pri:0, instance:grid.SeGridTest@135f92f]" name="testBmiCalculator" duration-ms="656" started-at="2014-02-13T21:25:40Z" description="Test Bmi Calculator" finished-at="2014-02-13T21:25:41Z">
          <reporter-output>
          </reporter-output>
        </test-method> <!-- testBmiCalculator -->
        <test-method status="PASS" signature="afterTest()[pri:0, instance:grid.SeGridTest@135f92f]" name="afterTest" is-config="true" duration-ms="165" started-at="2014-02-13T21:25:41Z" finished-at="2014-02-13T21:25:41Z">
          <reporter-output>
          </reporter-output>
        </test-method> <!-- afterTest -->
      </class> <!-- grid.SeGridTest -->
    </test> <!-- Windows+Firefox Test -->
    <test name="Windows+IE9 Test" duration-ms="9495" started-at="2014-02-13T15:55:34Z" finished-at="2014-02-13T15:55:43Z">
      <class name="grid.SeGridTest">
        <test-method status="PASS" signature="setup(java.lang.String, java.lang.String, java.lang.String, java.lang.String)[pri:0, instance:grid.SeGridTest@b7bc80]" name="setup" is-config="true" duration-ms="5890" started-at="2014-02-13T21:25:34Z" finished-at="2014-02-13T21:25:40Z">
          <params>
            <param index="0">
              <value>
                <![CDATA[Windows]]>
              </value>
            </param>
            <param index="1">
              <value>
                <![CDATA[Internet Explorer]]>
              </value>
            </param>
            <param index="2">
              <value>
                <![CDATA[9]]>
              </value>
            </param>
            <param index="3">
              <value>
                <![CDATA[http://dl.dropbox.com/u/55228056/bmicalculator.html]]>
              </value>
            </param>
          </params>
          <reporter-output>
          </reporter-output>
        </test-method> <!-- setup -->
        <test-method status="PASS" signature="testBmiCalculator()[pri:0, instance:grid.SeGridTest@b7bc80]" name="testBmiCalculator" duration-ms="2559" started-at="2014-02-13T21:25:40Z" description="Test Bmi Calculator" finished-at="2014-02-13T21:25:42Z">
          <reporter-output>
          </reporter-output>
        </test-method> <!-- testBmiCalculator -->
        <test-method status="PASS" signature="afterTest()[pri:0, instance:grid.SeGridTest@b7bc80]" name="afterTest" is-config="true" duration-ms="1032" started-at="2014-02-13T21:25:42Z" finished-at="2014-02-13T21:25:43Z">
          <reporter-output>
          </reporter-output>
        </test-method> <!-- afterTest -->
      </class> <!-- grid.SeGridTest -->
    </test> <!-- Windows+IE9 Test -->
  </suite> <!-- ParallelTests -->
</testng-results>
